<?xml version="1.0" encoding="utf-8"?><testsuites><testsuite name="pytest" errors="0" failures="0" skipped="0" tests="7" time="89.875" timestamp="2021-06-08T17:02:00.234951" hostname="DESKTOP-4F4FJ4M"><testcase classname="test_dir.test_aLogin.TestLggsLogin" name="test_lggs_loginAdmin_case" time="12.558" /><testcase classname="test_dir.test_aLogin.TestLggsLogin" name="test_lggs_loginERR_case" time="6.329" /><testcase classname="test_dir.test_aLogin.TestLggsLogin" name="test_lggs_loginYYJG_case" time="10.269" /><testcase classname="test_dir.test_aLogin.TestLggsLogin" name="test_lggs_loginQSF_case" time="10.296" /><testcase classname="test_dir.test_aLogin.TestLggsLogin" name="test_lggs_loginPSF_case" time="10.249" /><testcase classname="test_dir.test_aLogin.TestLggsLogin" name="test_lggs_loginJSF_case" time="9.380" /><testcase classname="test_dir.test_emqManage.TestempManage" name="test_input_emq" time="30.703" /></testsuite></testsuites>